Arguments: 
  /usr/local/bin/node /usr/local/bin/yarn init

PATH: 
  /home/misael/.deno/bin:/home/misael/.sdkman/candidates/java/current/bin:/home/misael/.sdkman/candidates/gradle/current/bin:/home/misael/.deno/bin:/home/misael/.cargo/bin:/home/misael/.cargo/bin:/home/misael/.local/bin:/usr/local/sbin:/usr/local/bin:/usr/sbin:/usr/bin:/sbin:/bin:/usr/games:/usr/local/games:/snap/bin:/home/misael/.dotnet/tools:/usr/lib/jvm/java-8-openjdk-amd64:/home/misael/Qt5.11.2/5.11.2/gcc_64/bin:~/development/flutter/bin:/home/misael/.sdkman:/home/misael/.cargo/bin:candidates/java/current:/usr/lib/dart/bin:/home/misael/.pub-cache/bin:/home/misael/development/flutter/bin:/home/misael/development:/home/misael/go/bin:/home/misael/Qt5.12.2/5.12.2/gcc_64/bin:/usr/lib/python3.8:/usr/lib/jvm/java-8-openjdk-amd64:/home/misael/Qt5.11.2/5.11.2/gcc_64/bin:~/development/flutter/bin:/home/misael/.sdkman:/home/misael/.cargo/bin:candidates/java/current:/usr/lib/dart/bin:/home/misael/.pub-cache/bin:/home/misael/development/flutter/bin:/home/misael/development:/home/misael/go/bin:/home/misael/Qt5.12.2/5.12.2/gcc_64/bin:/usr/lib/python3.8

Yarn version: 
  1.21.1

Node version: 
  14.15.4

Platform: 
  linux x64

Trace: 
  Error: canceled
      at Interface.<anonymous> (/usr/local/lib/node_modules/yarn/lib/cli.js:136925:13)
      at Interface.emit (events.js:315:20)
      at Interface._ttyWrite (readline.js:875:16)
      at ReadStream.onkeypress (readline.js:213:10)
      at ReadStream.emit (events.js:315:20)
      at emitKeys (internal/readline/utils.js:345:14)
      at emitKeys.next (<anonymous>)
      at ReadStream.onData (readline.js:1144:36)
      at ReadStream.emit (events.js:315:20)
      at addChunk (internal/streams/readable.js:309:12)

npm manifest: 
  No manifest

yarn manifest: 
  No manifest

Lockfile: 
  No lockfile
